<?xml version="1.0" encoding="UTF-8"?>
<!-- Generated by org.testng.reporters.JUnitReportReporter -->
<testsuite hostname="Sharon" failures="0" tests="1" name="TestLoginAndSubscribeNewsletter" time="3.663" errors="0" timestamp="2024-03-12T18:49:28 GMT" skipped="0">
  <testcase classname="TestLoginAndSubscribeNewsletter" name="loginAndSubscribe" time="3.663"/>
  <system-out>
Email is entered for subscription Subscribe button is clicked.  </system-out>
</testsuite> <!-- TestLoginAndSubscribeNewsletter -->
