<?xml version="1.0" encoding="UTF-8"?>
<!-- Generated by org.testng.reporters.JUnitReportReporter -->
<testsuite hostname="Sharon" failures="0" tests="1" name="AddProductToWishlist" time="5.920" errors="0" timestamp="2024-03-12T17:40:03 GMT" skipped="0">
  <testcase classname="AddProductToWishlist" name="addToWishlist" time="5.920"/>
  <system-out>
Clicked on the gift card. Redirected to the product detail page Recipient name is entered Recipient email is entered Added the product to the wishlist  Redirected to the wishlist page  </system-out>
</testsuite> <!-- AddProductToWishlist -->
