<?xml version="1.0" encoding="UTF-8"?>
<!-- Generated by org.testng.reporters.JUnitReportReporter -->
<testsuite hostname="Sharon" failures="0" tests="1" name="LoginAndSubscribeNewsletter" time="4.212" errors="0" timestamp="2024-03-12T18:22:23 GMT" skipped="0">
  <testcase classname="LoginAndSubscribeNewsletter" name="loginAndSubscribe" time="4.212"/>
  <system-out>
Email is entered for subscription Subscribe button is clicked.  </system-out>
</testsuite> <!-- LoginAndSubscribeNewsletter -->
