<?xml version="1.0" encoding="UTF-8"?>
<!-- Generated by org.testng.reporters.JUnitReportReporter -->
<testsuite hostname="Sharon" failures="0" tests="1" name="TestAddProductToWishlist" time="5.778" errors="0" timestamp="2024-03-13T13:22:41 GMT" skipped="0">
  <testcase classname="TestAddProductToWishlist" name="addToWishlist" time="5.778"/>
  <system-out>
Starting addToWishlist test Clicked on the gift card. Redirected to the product detail page Recipient name is entered Recipient email is entered Added the product to the wishlist  Redirected to the wishlist page  </system-out>
</testsuite> <!-- TestAddProductToWishlist -->
