<?xml version="1.0" encoding="UTF-8"?>
<!-- Generated by org.testng.reporters.JUnitReportReporter -->
<testsuite hostname="Sharon" failures="0" tests="1" name="TestAddProductToCart" time="5.770" errors="0" timestamp="2024-03-12T18:49:52 GMT" skipped="0">
  <testcase classname="TestAddProductToCart" name="addProductToCart" time="5.770"/>
  <system-out>
Clicked on the gift card. Redirected to the product detail page Recipient name is entered Recipient email is entered Added the product to the cart  Redirected to the shopping cart page  </system-out>
</testsuite> <!-- TestAddProductToCart -->
